Arguments: 
  C:\Program Files\nodejs\node.exe C:\Users\Student\AppData\Roaming\npm\node_modules\yarn\bin\yarn.js add -D webdriveio jest jasmine

PATH: 
  C:\Python310\Scripts\;C:\Python310\;C:\Program Files\Common Files\Oracle\Java\javapath;C:\WINDOWS\system32;C:\WINDOWS;C:\WINDOWS\System32\Wbem;C:\WINDOWS\System32\WindowsPowerShell\v1.0\;C:\WINDOWS\System32\OpenSSH\;C:\Program Files\Java\jdk-11.0.11\bin;C:\Program Files\apache-maven-3.8.1-bin\apache-maven-3.8.1\bin;C:\Program Files\Microsoft SQL Server\150\Tools\Binn\;C:\Program Files\Microsoft SQL Server\Client SDK\ODBC\170\Tools\Binn\;C:\Program Files\dotnet\;C:\ProgramData\chocolatey\bin;C:\Program Files\nodejs\;C:\Program Files\Git\cmd;C:\WINDOWS\system32;C:\WINDOWS;C:\WINDOWS\System32\Wbem;C:\WINDOWS\System32\WindowsPowerShell\v1.0\;C:\WINDOWS\System32\OpenSSH\;C:\Program Files\MySQL\MySQL Shell 8.0\bin\;C:\Users\Student\AppData\Local\Microsoft\WindowsApps;C:\java\java-11\jdk-11.0.1\bin;C:\Users\Student\AppData\Local\Programs\Microsoft VS Code\bin;C:\Users\Student\AppData\Local\atom\bin;C:\Users\Student\.dotnet\tools;C:\Users\Student\AppData\Local\GitHubDesktop\bin;C:\Program Files (x86)\Microsoft VS Code\_\bin;C:\Users\Student\AppData\Roaming\npm;C:\Users\Student\AppData\Local\Microsoft\WindowsApps;

Yarn version: 
  1.22.19

Node version: 
  16.17.1

Platform: 
  win32 x64

Trace: 
  Error: https://registry.yarnpkg.com/webdriveio: Not found
      at Request.params.callback [as _callback] (C:\Users\Student\AppData\Roaming\npm\node_modules\yarn\lib\cli.js:66145:18)
      at Request.self.callback (C:\Users\Student\AppData\Roaming\npm\node_modules\yarn\lib\cli.js:140890:22)
      at Request.emit (node:events:513:28)
      at Request.<anonymous> (C:\Users\Student\AppData\Roaming\npm\node_modules\yarn\lib\cli.js:141862:10)
      at Request.emit (node:events:513:28)
      at IncomingMessage.<anonymous> (C:\Users\Student\AppData\Roaming\npm\node_modules\yarn\lib\cli.js:141784:12)
      at Object.onceWrapper (node:events:627:28)
      at IncomingMessage.emit (node:events:525:35)
      at endReadableNT (node:internal/streams/readable:1358:12)
      at processTicksAndRejections (node:internal/process/task_queues:83:21)

npm manifest: 
  {
    "name": "stayconnectedapplicationfyp",
    "version": "1.0.0",
    "main": "node_modules/expo/AppEntry.js",
    "scripts": {
      "start": "expo start",
      "android": "expo start --android",
      "ios": "expo start --ios",
      "web": "expo start --web"
    },
    "dependencies": {
      "@react-native-community/datetimepicker": "6.5.2",
      "@react-navigation/bottom-tabs": "^6.5.4",
      "@react-navigation/native": "^6.1.2",
      "@react-navigation/native-stack": "^6.9.8",
      "eventemitter3": "^5.0.0",
      "expo": "~47.0.12",
      "expo-image-manipulator": "~11.0.0",
      "expo-image-picker": "~14.0.2",
      "expo-linear-gradient": "~12.0.1",
      "expo-status-bar": "~1.4.2",
      "firebase": "^9.16.0",
      "react": "18.1.0",
      "react-native": "0.70.5",
      "react-native-dropdown-picker": "^5.4.6",
      "react-native-keyboard-aware-scroll-view": "^0.9.5",
      "react-native-modal-datetime-picker": "^14.0.1",
      "react-native-uuid": "^2.0.1"
    },
    "devDependencies": {
      "@babel/core": "^7.12.9"
    },
    "private": true
  }

yarn manifest: 
  No manifest

Lockfile: 
  No lockfile
